<?xml version="1.0" encoding="UTF-8"?>
<!-- Generated by org.testng.reporters.JUnitXMLReporter -->
<testsuite ignored="0" hostname="DESKTOP-9LOKVIA" failures="0" tests="9" name="Command line test" time="10.333" errors="0" timestamp="2022-01-31T17:06:24 TRT">
  <testcase classname="services.SampleTest" name="sample" time="1.736"/>
  <testcase classname="services.SampleTest" name="test01_postCreateToken" time="1.486"/>
  <testcase classname="services.SampleTest" name="test02_getBookingID" time="0.827"/>
  <testcase classname="services.SampleTest" name="test03_postCreateBooking" time="1.05"/>
  <testcase classname="services.SampleTest" name="test04_putUpdateBooking" time="0.986"/>
  <testcase classname="services.SampleTest" name="test05_getBookingDetails" time="0.966"/>
  <testcase classname="services.SampleTest" name="test05_getBookingDetails" time="0.974"/>
  <testcase classname="services.SampleTest" name="test06_patchPartialUpdateBooking" time="0.854"/>
  <testcase classname="services.SampleTest" name="test07_deleteBooking" time="0.986"/>
</testsuite> <!-- Command line test -->
