<?xml version="1.0" encoding="UTF-8" ?>
<testsuite tests="9" failures="0" name="TestSuite" time="9.925" errors="0" skipped="0">
  <properties>
[...]
</properties>
  <testcase classname="services.SampleTest" name="sample" time="1.782"/>
  <testcase classname="services.SampleTest" name="test01_postCreateToken" time="1.488"/>
  <testcase classname="services.SampleTest" name="test02_getBookingID" time="0.83"/>
  <testcase classname="services.SampleTest" name="test03_postCreateBooking" time="1.051"/>
  <testcase classname="services.SampleTest" name="test04_putUpdateBooking" time="0.987"/>
  <testcase classname="services.SampleTest" name="test05_getBookingDetails" time="0.967"/>
  <testcase classname="services.SampleTest" name="test05_getBookingDetails" time="0.976"/>
  <testcase classname="services.SampleTest" name="test06_patchPartialUpdateBooking" time="0.856"/>
  <testcase classname="services.SampleTest" name="test07_deleteBooking" time="0.988"/>
</testsuite>